#
# There is insufficient memory for the Java Runtime Environment to continue.
# Native memory allocation (mmap) failed to map 134217728 bytes for Failed to commit area from 0x0000000081200000 to 0x0000000089200000 of length 134217728.
# Possible reasons:
#   The system is out of physical RAM or swap space
#   The process is running with CompressedOops enabled, and the Java Heap may be blocking the growth of the native heap
# Possible solutions:
#   Reduce memory load on the system
#   Increase physical memory or swap space
#   Check if swap backing store is full
#   Decrease Java heap size (-Xmx/-Xms)
#   Decrease number of Java threads
#   Decrease Java thread stack sizes (-Xss)
#   Set larger code cache with -XX:ReservedCodeCacheSize=
# This output file may be truncated or incomplete.
#
#  Out of Memory Error (t:/workspace/open/src/hotspot/os/windows/os_windows.cpp:3301), pid=10348, tid=14348
#
# JRE version:  (13.0.2+8) (build )
# Java VM: Java HotSpot(TM) 64-Bit Server VM (13.0.2+8, mixed mode, sharing, tiered, compressed oops, g1 gc, windows-amd64)
# No core dump will be written. Minidumps are not enabled by default on client versions of Windows
#

---------------  S U M M A R Y ------------

Command Line: -agentlib:jdwp=transport=dt_socket,address=127.0.0.1:53721,suspend=y,server=n -XX:TieredStopAtLevel=1 -Xverify:none -Dspring.output.ansi.enabled=always -Dcom.sun.management.jmxremote -Dspring.jmx.enabled=true -Dspring.liveBeansView.mbeanDomain -Dspring.application.admin.enabled=true -javaagent:C:\Users\Oscar\AppData\Local\JetBrains\IntelliJIdea2020.1\captureAgent\debugger-agent.jar -Dfile.encoding=UTF-8 rondanet.catalogo.CatalogoApplication

Host: Intel(R) Core(TM) i7-4510U CPU @ 2.00GHz, 4 cores, 7G,  Windows 10 , 64 bit Build 18362 (10.0.18362.329)
Time: Mon Jul 27 13:30:19 2020 Montevideo Standard Time elapsed time: 0 seconds (0d 0h 0m 0s)

---------------  T H R E A D  ---------------

Current thread (0x0000018a239c2000):  JavaThread "Unknown thread" [_thread_in_vm, id=14348, stack(0x0000002e22a00000,0x0000002e22b00000)]

Stack: [0x0000002e22a00000,0x0000002e22b00000]
Native frames: (J=compiled Java code, j=interpreted, Vv=VM code, C=native code)
V  [jvm.dll+0x624f9a]
V  [jvm.dll+0x770cfa]
V  [jvm.dll+0x7724af]
V  [jvm.dll+0x772ab3]
V  [jvm.dll+0x24bf08]
V  [jvm.dll+0x6222aa]
V  [jvm.dll+0x6170b5]
V  [jvm.dll+0x30a88c]
V  [jvm.dll+0x30a6c2]
V  [jvm.dll+0x30fe36]
V  [jvm.dll+0x353f46]
V  [jvm.dll+0x353720]
V  [jvm.dll+0x2e550a]
V  [jvm.dll+0x2e67a2]
V  [jvm.dll+0x74dd78]
V  [jvm.dll+0x361989]
V  [jvm.dll+0x730e65]
V  [jvm.dll+0x3cc53f]
V  [jvm.dll+0x3ce861]
C  [jli.dll+0x51ff]
C  [ucrtbase.dll+0x20e72]
C  [KERNEL32.DLL+0x17bd4]
C  [ntdll.dll+0x6ced1]


---------------  P R O C E S S  ---------------

Threads class SMR info:
_java_thread_list=0x00007ffdf1ddccb8, length=0, elements={
}

Java Threads: ( => current thread )

Other Threads:
  0x0000018a23a01000 GCTaskThread "GC Thread#0" [stack: 0x0000002e22b00000,0x0000002e22c00000] [id=5884]
  0x0000018a23a12800 ConcurrentGCThread "G1 Main Marker" [stack: 0x0000002e22c00000,0x0000002e22d00000] [id=10884]
  0x0000018a23a13800 ConcurrentGCThread "G1 Conc#0" [stack: 0x0000002e22d00000,0x0000002e22e00000] [id=9108]

[error occurred during error reporting (printing all threads), id 0xc0000005, EXCEPTION_ACCESS_VIOLATION (0xc0000005) at pc=0x00007ffdf16151d7]

VM state:not at safepoint (not fully initialized)

VM Mutex/Monitor currently owned by a thread:  ([mutex/lock_event])
[0x0000018a239bdd80] Heap_lock - owner thread: 0x0000018a239c2000

Heap address: 0x0000000081200000, size: 2030 MB, Compressed Oops mode: Non-zero based: 0x0000000081200000
Narrow klass base: 0x0000000000000000, Narrow klass shift: 0

GC Heap History (0 events):
No events

Deoptimization events (0 events):
No events

Classes unloaded (0 events):
No events

Classes redefined (0 events):
No events

Internal exceptions (0 events):
No events

Events (2 events):
Event: 0.010 Loaded shared library C:\Program Files\Java\jdk-13.0.2\bin\zip.dll
Event: 0.010 Loaded shared library C:\Program Files\Java\jdk-13.0.2\bin\jimage.dll


Dynamic libraries:
0x00007ff62ad60000 - 0x00007ff62ad6f000 	C:\Program Files\Java\jdk-13.0.2\bin\java.exe
0x00007ffe21c80000 - 0x00007ffe21e70000 	C:\Windows\SYSTEM32\ntdll.dll
0x00007ffe20860000 - 0x00007ffe20912000 	C:\Windows\System32\KERNEL32.DLL
0x00007ffe1f000000 - 0x00007ffe1f2a3000 	C:\Windows\System32\KERNELBASE.dll
0x00007ffe1ee00000 - 0x00007ffe1eefa000 	C:\Windows\System32\ucrtbase.dll
0x00007ffe15150000 - 0x00007ffe15165000 	C:\Program Files\Java\jdk-13.0.2\bin\VCRUNTIME140.dll
0x00007ffe15170000 - 0x00007ffe15188000 	C:\Program Files\Java\jdk-13.0.2\bin\jli.dll
0x00007ffe20e40000 - 0x00007ffe20ee3000 	C:\Windows\System32\ADVAPI32.dll
0x00007ffe21150000 - 0x00007ffe211ee000 	C:\Windows\System32\msvcrt.dll
0x00007ffe20b80000 - 0x00007ffe20c17000 	C:\Windows\System32\sechost.dll
0x00007ffe21b20000 - 0x00007ffe21c40000 	C:\Windows\System32\RPCRT4.dll
0x00007ffe20960000 - 0x00007ffe20af4000 	C:\Windows\System32\USER32.dll
0x00007ffe1f2b0000 - 0x00007ffe1f2d1000 	C:\Windows\System32\win32u.dll
0x00007ffe20930000 - 0x00007ffe20956000 	C:\Windows\System32\GDI32.dll
0x00007ffe1ec60000 - 0x00007ffe1edf4000 	C:\Windows\System32\gdi32full.dll
0x00007ffe1f2e0000 - 0x00007ffe1f37e000 	C:\Windows\System32\msvcp_win.dll
0x00007ffe10180000 - 0x00007ffe10405000 	C:\Windows\WinSxS\amd64_microsoft.windows.common-controls_6595b64144ccf1df_6.0.18362.592_none_e6c0b1911312be02\COMCTL32.dll
0x00007ffe10e20000 - 0x00007ffe10e2a000 	C:\Windows\SYSTEM32\VERSION.dll
0x00007ffe1ff20000 - 0x00007ffe20256000 	C:\Windows\System32\combase.dll
0x00007ffe1f530000 - 0x00007ffe1f5b0000 	C:\Windows\System32\bcryptPrimitives.dll
0x00007ffe20260000 - 0x00007ffe2028e000 	C:\Windows\System32\IMM32.DLL
0x00007ffe09500000 - 0x00007ffe0959b000 	C:\Program Files\Java\jdk-13.0.2\bin\msvcp140.dll
0x00007ffdf1320000 - 0x00007ffdf1e7d000 	C:\Program Files\Java\jdk-13.0.2\bin\server\jvm.dll
0x00007ffe20b70000 - 0x00007ffe20b78000 	C:\Windows\System32\PSAPI.DLL
0x00007ffe01830000 - 0x00007ffe01839000 	C:\Windows\SYSTEM32\WSOCK32.dll
0x00007ffe1a630000 - 0x00007ffe1a654000 	C:\Windows\SYSTEM32\WINMM.dll
0x00007ffe20b00000 - 0x00007ffe20b6f000 	C:\Windows\System32\WS2_32.dll
0x00007ffe1a600000 - 0x00007ffe1a62d000 	C:\Windows\SYSTEM32\WINMMBASE.dll
0x00007ffe1efb0000 - 0x00007ffe1effa000 	C:\Windows\System32\cfgmgr32.dll
0x00007ffe1eb60000 - 0x00007ffe1eb71000 	C:\Windows\System32\kernel.appcore.dll
0x00007ffe18ad0000 - 0x00007ffe18ae0000 	C:\Program Files\Java\jdk-13.0.2\bin\verify.dll
0x00007ffe07080000 - 0x00007ffe07274000 	C:\Windows\SYSTEM32\DBGHELP.DLL
0x00007ffe065b0000 - 0x00007ffe065da000 	C:\Windows\SYSTEM32\dbgcore.DLL
0x00007ffe11b10000 - 0x00007ffe11b36000 	C:\Program Files\Java\jdk-13.0.2\bin\java.dll
0x00007ffe0dbf0000 - 0x00007ffe0dc28000 	C:\Program Files\Java\jdk-13.0.2\bin\jdwp.dll
0x00007ffe14f00000 - 0x00007ffe14f0e000 	C:\Program Files\Java\jdk-13.0.2\bin\instrument.dll
0x00007ffe15130000 - 0x00007ffe15147000 	C:\Program Files\Java\jdk-13.0.2\bin\zip.dll
0x00007ffe18370000 - 0x00007ffe1837a000 	C:\Program Files\Java\jdk-13.0.2\bin\jimage.dll

dbghelp: loaded successfully - version: 4.0.5 - missing functions: none
symbol engine: initialized successfully - sym options: 0x614 - pdb path: .;C:\Program Files\Java\jdk-13.0.2\bin;C:\Windows\SYSTEM32;C:\Windows\WinSxS\amd64_microsoft.windows.common-controls_6595b64144ccf1df_6.0.18362.592_none_e6c0b1911312be02;C:\Program Files\Java\jdk-13.0.2\bin\server

VM Arguments:
jvm_args: -agentlib:jdwp=transport=dt_socket,address=127.0.0.1:53721,suspend=y,server=n -XX:TieredStopAtLevel=1 -Xverify:none -Dspring.output.ansi.enabled=always -Dcom.sun.management.jmxremote -Dspring.jmx.enabled=true -Dspring.liveBeansView.mbeanDomain -Dspring.application.admin.enabled=true -javaagent:C:\Users\Oscar\AppData\Local\JetBrains\IntelliJIdea2020.1\captureAgent\debugger-agent.jar -Dfile.encoding=UTF-8 
java_command: rondanet.catalogo.CatalogoApplication
java_class_path (initial): E:\PROJECTS\BANCA\banca\target\test-classes;E:\PROJECTS\BANCA\banca\target\classes;C:\Users\Oscar\.m2\repository\org\springframework\boot\spring-boot-starter-data-rest\2.3.1.RELEASE\spring-boot-starter-data-rest-2.3.1.RELEASE.jar;C:\Users\Oscar\.m2\repository\org\springframework\boot\spring-boot-starter-web\2.3.1.RELEASE\spring-boot-starter-web-2.3.1.RELEASE.jar;C:\Users\Oscar\.m2\repository\org\springframework\spring-webmvc\5.2.7.RELEASE\spring-webmvc-5.2.7.RELEASE.jar;C:\Users\Oscar\.m2\repository\org\springframework\data\spring-data-rest-webmvc\3.3.1.RELEASE\spring-data-rest-webmvc-3.3.1.RELEASE.jar;C:\Users\Oscar\.m2\repository\org\springframework\data\spring-data-rest-core\3.3.1.RELEASE\spring-data-rest-core-3.3.1.RELEASE.jar;C:\Users\Oscar\.m2\repository\org\springframework\hateoas\spring-hateoas\1.1.0.RELEASE\spring-hateoas-1.1.0.RELEASE.jar;C:\Users\Oscar\.m2\repository\com\jayway\jsonpath\json-path\2.4.0\json-path-2.4.0.jar;C:\Users\Oscar\.m2\repository\org\atteo\evo-inflector\1.2.2\evo-inflector-1.2.2.jar;C:\Users\Oscar\.m2\repository\org\springframework\boot\spring-boot-starter-oauth2-client\2.3.1.RELEASE\spring-boot-starter-oauth2-client-2.3.1.RELEASE.jar;C:\Users\Oscar\.m2\repository\org\springframework\boot\spring-boot-starter\2.3.1.RELEASE\spring-boot-starter-2.3.1.RELEASE.jar;C:\Users\Oscar\.m2\repository\org\springframework\boot\spring-boot-starter-logging\2.3.1.RELEASE\spring-boot-starter-logging-2.3.1.RELEASE.jar;C:\Users\Oscar\.m2\repository\ch\qos\logback\logback-classic\1.2.3\logback-classic-1.2.3.jar;C:\Users\Oscar\.m2\repository\ch\qos\logback\logback-core\1.2.3\logback-core-1.2.3.jar;C:\Users\Oscar\.m2\repository\org\apache\logging\log4j\log4j-to-slf4j\2.13.3\log4j-to-slf4j-2.13.3.jar;C:\Users\Oscar\.m2\repository\org\springframework\spring-core\5.2.7.RELEASE\spring-core-5.2.7.RELEASE.jar;C:\Users\Oscar\.m2\repository\org\springframework\spring-jcl\5.2.7.RELEASE\spring-jcl-5.2.7.RELEASE.jar;C:\Users\Oscar\.m2\rep
Launcher Type: SUN_STANDARD

[Global flags]
     intx CICompilerCount                          = 3                                         {product} {ergonomic}
     uint ConcGCThreads                            = 1                                         {product} {ergonomic}
     uint G1ConcRefinementThreads                  = 4                                         {product} {ergonomic}
   size_t G1HeapRegionSize                         = 1048576                                   {product} {ergonomic}
    uintx GCDrainStackTargetSize                   = 64                                        {product} {ergonomic}
   size_t InitialHeapSize                          = 134217728                                 {product} {ergonomic}
     bool ManagementServer                         = true                                      {product} {command line}
   size_t MarkStackSize                            = 4194304                                   {product} {ergonomic}
   size_t MaxHeapSize                              = 2128609280                                {product} {ergonomic}
   size_t MinHeapDeltaBytes                        = 1048576                                   {product} {ergonomic}
   size_t MinHeapSize                              = 8388608                                   {product} {ergonomic}
    uintx NonNMethodCodeHeapSize                   = 6973028                                {pd product} {ergonomic}
    uintx NonProfiledCodeHeapSize                  = 244685212                              {pd product} {ergonomic}
    uintx ProfiledCodeHeapSize                     = 0                                      {pd product} {ergonomic}
    uintx ReservedCodeCacheSize                    = 251658240                              {pd product} {ergonomic}
     bool SegmentedCodeCache                       = true                                      {product} {ergonomic}
   size_t SoftMaxHeapSize                          = 2128609280                             {manageable} {ergonomic}
     intx TieredStopAtLevel                        = 1                                         {product} {command line}
     bool UseCompressedClassPointers               = true                                 {lp64_product} {ergonomic}
     bool UseCompressedOops                        = true                                 {lp64_product} {ergonomic}
     bool UseG1GC                                  = true                                      {product} {ergonomic}
     bool UseLargePagesIndividualAllocation        = false                                  {pd product} {ergonomic}

Logging:
Log output configuration:
 #0: stdout all=warning uptime,level,tags
 #1: stderr all=off uptime,level,tags

Environment Variables:
JAVA_HOME=C:\Program Files\Java\jdk-11.0.7
PATH=C:\Program Files (x86)\Common Files\Oracle\Java\javapath;C:\Windows\system32;C:\Windows;C:\Windows\System32\Wbem;C:\Windows\System32\WindowsPowerShell\v1.0\;C:\Windows\System32\OpenSSH\;C:\Program Files\Git\cmd;C:\Users\Oscar\AppData\Roaming\nvm;C:\Program Files\nodejs;C:\Program Files\Java\jdk-11.0.7;C:\Program Files\Java\apache-maven\bin;C:\Program Files (x86)\Yarn\bin\;C:\Program Files\curl;C:\Program Files\Microsoft SQL Server\Client SDK\ODBC\170\Tools\Binn\;C:\Program Files (x86)\Microsoft SQL Server\150\Tools\Binn\;C:\Program Files\Microsoft SQL Server\150\Tools\Binn\;C:\Program Files\Microsoft SQL Server\150\DTS\Binn\;C:\sqlite3\sqlite3.exe;C:\Program Files\MySQL\MySQL Shell 8.0\bin\;C:\RailsInstaller\Git\cmd;C:\RailsInstaller\Ruby2.3.3\bin;C:\Users\Oscar\.windows-build-tools\python27\;C:\Users\Oscar\AppData\Local\Microsoft\WindowsApps;C:\Users\Oscar\AppData\Local\Programs\Microsoft VS Code\bin;C:\Users\Oscar\AppData\Roaming\nvm;C:\Program Files\nodejs;C:\Users\Oscar\AppData\Local\Yarn\bin
USERNAME=Oscar
OS=Windows_NT
PROCESSOR_IDENTIFIER=Intel64 Family 6 Model 69 Stepping 1, GenuineIntel



---------------  S Y S T E M  ---------------

OS: Windows 10 , 64 bit Build 18362 (10.0.18362.329)

CPU:total 4 (initial active 4) (2 cores per cpu, 2 threads per core) family 6 model 69 stepping 1, cmov, cx8, fxsr, mmx, sse, sse2, sse3, ssse3, sse4.1, sse4.2, popcnt, avx, avx2, aes, clmul, erms, lzcnt, ht, tsc, tscinvbit, bmi1, bmi2, fma

Memory: 4k page, system-wide physical 8119M (826M free)
TotalPageFile size 18074M (AvailPageFile size 118M)
current process WorkingSet (physical memory assigned to process): 10M, peak: 10M
current process commit charge ("private bytes"): 49M, peak: 177M

vm_info: Java HotSpot(TM) 64-Bit Server VM (13.0.2+8) for windows-amd64 JRE (13.0.2+8), built on Dec 11 2019 09:20:33 by "mach5one" with unknown MS VC++:1916

END.
